<?xml version="1.0" encoding="UTF-8"?>
<!-- Generated by org.testng.reporters.JUnitXMLReporter -->
<testsuite ignored="0" hostname="TRRONM00007" failures="0" tests="5" name="Surefire test" time="4.037" errors="0" timestamp="2023-11-13T16:32:22 TRT">
  <testcase classname="SpotifyTests.PlaylistTests" name="shouldBeAbleGetAPlaylist" time="3.029"/>
  <testcase classname="SpotifyTests.PlaylistTests" name="shouldBeAbleToCreateAPlaylist" time="0.38"/>
  <testcase classname="SpotifyTests.PlaylistTests" name="shouldBeAbleToUpdateAPlaylist" time="0.268"/>
  <testcase classname="SpotifyTests.PlaylistTests" name="shouldNotBeAbleToCreateAPlaylistWithoutName" time="0.163"/>
  <testcase classname="SpotifyTests.PlaylistTests" name="shouldNotBeAbleToCreateAPlaylistWithoutValidToken" time="0.149"/>
</testsuite> <!-- Surefire test -->
