<?xml version="1.0" encoding="UTF-8"?>
<testsuite xmlns:xsi="http://www.w3.org/2001/XMLSchema-instance" xsi:noNamespaceSchemaLocation="https://maven.apache.org/surefire/maven-surefire-plugin/xsd/surefire-test-report-3.0.xsd" version="3.0" name="SpotifyTests.PlaylistTests" time="4.586" tests="5" errors="0" skipped="0" failures="0">
  <properties>
[...]
</properties>
  <testcase name="shouldBeAbleGetAPlaylist" classname="SpotifyTests.PlaylistTests" time="3.028">
    <system-out><![CDATA[Renewing token...
Request method:	POST
Request URI:	https://accounts.spotify.com/api/token
Proxy:			<none>
Request params:	<none>
Query params:	<none>
Form params:	refresh_token=AQCNOrb6a-aKfvTAl9D-YnyZXtmeq3wuFug1MZ8ZUBSH6at3NSPynA9i5yxD4WGj9vhRT_9BrqEAxvtKUDL7Nx2mzZtrBrFid33s9EigiryLaGe-GfbVki2eWK-WbexvSCE
				grant_type=refresh_token
				client_secret=a9f763d74b1b48acb31c456b7a0247dc
				client_id=1d48016e0275428b875df2b44f9fc41e
Path params:	<none>
Headers:		Accept=*/*
				Content-Type=application/x-www-form-urlencoded; charset=ISO-8859-1
Cookies:		<none>
Multiparts:		<none>
Body:			<none>
HTTP/1.1 200 OK
date: Mon, 13 Nov 2023 13:32:28 GMT
content-type: application/json
vary: Accept-Encoding
set-cookie: __Host-device_id=AQCMtoSfkZHWRF0w7KJj3KP6gmZ5_ej5ILj0MqPcD-BizPWOeldmiqBLkxUTCAa3riZ133XVaMp9nT6GjpU0akkQ-XKb8wApqEQ;Version=1;Path=/;Max-Age=2147483647;Secure;HttpOnly;SameSite=Lax
set-cookie: sp_tr=false;Version=1;Domain=accounts.spotify.com;Path=/;Secure;SameSite=Lax
sp-trace-id: f800b625f7a6084d
content-encoding: gzip
x-envoy-upstream-service-time: 24
server: envoy
strict-transport-security: max-age=31536000
x-content-type-options: nosniff
Via: HTTP/2 edgeproxy, 1.1 google
Alt-Svc: h3=":443"; ma=2592000,h3-29=":443"; ma=2592000
Transfer-Encoding: chunked

{
    "access_token": "BQB-5l2PSVNtTgYROal4nbt60kfHQ1cFsr8VYs-hPeidm1UAKt21r971fia9HprBsB4obLYCK6ieqcK1Rkc6Z2jQ5eMLoD56Rq8QuNIaFfRHLhOIXaAvEtgtAj7kam6iJm53zdnHMDsFnmvUQ4TuJN4UM1j_h6bjadjv3FlZzzFrXRu4qnlJOvDuEEvjptrcGeXbansULUY77bQfyddYU0HjNWvaIpMn7mumWGfSY_jaUtbEOLF5hA",
    "token_type": "Bearer",
    "expires_in": 3600,
    "scope": "playlist-read-private playlist-read-collaborative playlist-modify-private playlist-modify-public"
}
Request method:	GET
Request URI:	https://api.spotify.com/v1/playlists/38I4k6KWwnNuEULshy9vW7
Proxy:			<none>
Request params:	<none>
Query params:	<none>
Form params:	<none>
Path params:	<none>
Headers:		Authorization=Bearer BQB-5l2PSVNtTgYROal4nbt60kfHQ1cFsr8VYs-hPeidm1UAKt21r971fia9HprBsB4obLYCK6ieqcK1Rkc6Z2jQ5eMLoD56Rq8QuNIaFfRHLhOIXaAvEtgtAj7kam6iJm53zdnHMDsFnmvUQ4TuJN4UM1j_h6bjadjv3FlZzzFrXRu4qnlJOvDuEEvjptrcGeXbansULUY77bQfyddYU0HjNWvaIpMn7mumWGfSY_jaUtbEOLF5hA
				Accept=*/*
				Content-Type=application/json
Cookies:		<none>
Multiparts:		<none>
Body:			<none>
HTTP/1.1 200 OK
content-type: application/json; charset=utf-8
cache-control: public, max-age=0
etag: "MC-ImZlOWE2MGRlZGRlNjkyNDk1ODE5ZTAyMDM5ODIyMDAxIg=="
x-robots-tag: noindex, nofollow
access-control-allow-origin: *
access-control-allow-headers: Accept, App-Platform, Authorization, Content-Type, Origin, Retry-After, Spotify-App-Version, X-Cloud-Trace-Context, client-token, content-access-token
access-control-allow-methods: GET, POST, OPTIONS, PUT, DELETE, PATCH
access-control-allow-credentials: true
access-control-max-age: 604800
content-encoding: gzip
strict-transport-security: max-age=31536000
x-content-type-options: nosniff
date: Mon, 13 Nov 2023 13:32:29 GMT
server: envoy
Via: HTTP/2 edgeproxy, 1.1 google
Alt-Svc: h3=":443"; ma=2592000,h3-29=":443"; ma=2592000
Transfer-Encoding: chunked

{
    "collaborative": true,
    "description": "New playlist description",
    "external_urls": {
        "spotify": "https://open.spotify.com/playlist/38I4k6KWwnNuEULshy9vW7"
    },
    "followers": {
        "href": null,
        "total": 0
    },
    "href": "https://api.spotify.com/v1/playlists/38I4k6KWwnNuEULshy9vW7",
    "id": "38I4k6KWwnNuEULshy9vW7",
    "images": [
        
    ],
    "name": "New Playlist",
    "owner": {
        "display_name": "tako",
        "external_urls": {
            "spotify": "https://open.spotify.com/user/deadeyeq"
        },
        "href": "https://api.spotify.com/v1/users/deadeyeq",
        "id": "deadeyeq",
        "type": "user",
        "uri": "spotify:user:deadeyeq"
    },
    "primary_color": null,
    "public": false,
    "snapshot_id": "MTAsMjk5NWFmODYxZmEzZWVmOTc3MzQzYzU5NjMzYTEwNzc2NGNkNGI5ZQ==",
    "tracks": {
        "href": "https://api.spotify.com/v1/playlists/38I4k6KWwnNuEULshy9vW7/tracks?offset=0&limit=100",
        "items": [
            
        ],
        "limit": 100,
        "next": null,
        "offset": 0,
        "previous": null,
        "total": 0
    },
    "type": "playlist",
    "uri": "spotify:playlist:38I4k6KWwnNuEULshy9vW7"
}
]]></system-out>
    <system-err><![CDATA[SLF4J: Failed to load class "org.slf4j.impl.StaticLoggerBinder".
SLF4J: Defaulting to no-operation (NOP) logger implementation
SLF4J: See http://www.slf4j.org/codes.html#StaticLoggerBinder for further details.
]]></system-err>
  </testcase>
  <testcase name="shouldBeAbleToCreateAPlaylist" classname="SpotifyTests.PlaylistTests" time="0.381">
    <system-out><![CDATA[Token is good to use
Request method:	POST
Request URI:	https://api.spotify.com/v1/users/deadeyeq/playlists
Proxy:			<none>
Request params:	<none>
Query params:	<none>
Form params:	<none>
Path params:	<none>
Headers:		Authorization=Bearer BQB-5l2PSVNtTgYROal4nbt60kfHQ1cFsr8VYs-hPeidm1UAKt21r971fia9HprBsB4obLYCK6ieqcK1Rkc6Z2jQ5eMLoD56Rq8QuNIaFfRHLhOIXaAvEtgtAj7kam6iJm53zdnHMDsFnmvUQ4TuJN4UM1j_h6bjadjv3FlZzzFrXRu4qnlJOvDuEEvjptrcGeXbansULUY77bQfyddYU0HjNWvaIpMn7mumWGfSY_jaUtbEOLF5hA
				Accept=*/*
				Content-Type=application/json
Cookies:		<none>
Multiparts:		<none>
Body:
{
    "description": "New playlist description",
    "name": "New Playlist",
    "public": false
}
HTTP/1.1 201 Created
content-type: application/json; charset=utf-8
cache-control: private, max-age=0
location: https://api.spotify.com/v1/playlists/1clnZHPEDokGw5pucOzC4O
x-robots-tag: noindex, nofollow
access-control-allow-origin: *
access-control-allow-headers: Accept, App-Platform, Authorization, Content-Type, Origin, Retry-After, Spotify-App-Version, X-Cloud-Trace-Context, client-token, content-access-token
access-control-allow-methods: GET, POST, OPTIONS, PUT, DELETE, PATCH
access-control-allow-credentials: true
access-control-max-age: 604800
content-encoding: gzip
strict-transport-security: max-age=31536000
x-content-type-options: nosniff
date: Mon, 13 Nov 2023 13:32:29 GMT
server: envoy
Via: HTTP/2 edgeproxy, 1.1 google
Alt-Svc: h3=":443"; ma=2592000,h3-29=":443"; ma=2592000
Transfer-Encoding: chunked

{
    "collaborative": false,
    "description": null,
    "external_urls": {
        "spotify": "https://open.spotify.com/playlist/1clnZHPEDokGw5pucOzC4O"
    },
    "followers": {
        "href": null,
        "total": 0
    },
    "href": "https://api.spotify.com/v1/playlists/1clnZHPEDokGw5pucOzC4O",
    "id": "1clnZHPEDokGw5pucOzC4O",
    "images": [
        
    ],
    "name": "New Playlist",
    "owner": {
        "display_name": "tako",
        "external_urls": {
            "spotify": "https://open.spotify.com/user/deadeyeq"
        },
        "href": "https://api.spotify.com/v1/users/deadeyeq",
        "id": "deadeyeq",
        "type": "user",
        "uri": "spotify:user:deadeyeq"
    },
    "primary_color": null,
    "public": false,
    "snapshot_id": "MSwwMzNkMDEzNGU2ZDM1MjFjYjA2ZmE0Y2UwZGQ4NmJjZmU3MzBkYjgy",
    "tracks": {
        "href": "https://api.spotify.com/v1/playlists/1clnZHPEDokGw5pucOzC4O/tracks",
        "items": [
            
        ],
        "limit": 100,
        "next": null,
        "offset": 0,
        "previous": null,
        "total": 0
    },
    "type": "playlist",
    "uri": "spotify:playlist:1clnZHPEDokGw5pucOzC4O"
}
]]></system-out>
  </testcase>
  <testcase name="shouldBeAbleToUpdateAPlaylist" classname="SpotifyTests.PlaylistTests" time="0.267">
    <system-out><![CDATA[Token is good to use
Request method:	PUT
Request URI:	https://api.spotify.com/v1/playlists/38I4k6KWwnNuEULshy9vW7
Proxy:			<none>
Request params:	<none>
Query params:	<none>
Form params:	<none>
Path params:	<none>
Headers:		Authorization=Bearer BQB-5l2PSVNtTgYROal4nbt60kfHQ1cFsr8VYs-hPeidm1UAKt21r971fia9HprBsB4obLYCK6ieqcK1Rkc6Z2jQ5eMLoD56Rq8QuNIaFfRHLhOIXaAvEtgtAj7kam6iJm53zdnHMDsFnmvUQ4TuJN4UM1j_h6bjadjv3FlZzzFrXRu4qnlJOvDuEEvjptrcGeXbansULUY77bQfyddYU0HjNWvaIpMn7mumWGfSY_jaUtbEOLF5hA
				Accept=*/*
				Content-Type=application/json
Cookies:		<none>
Multiparts:		<none>
Body:
{
    "description": "New playlist description",
    "name": "New Playlist",
    "public": false
}
HTTP/1.1 200 OK
cache-control: private, max-age=0
x-robots-tag: noindex, nofollow
access-control-allow-origin: *
access-control-allow-headers: Accept, App-Platform, Authorization, Content-Type, Origin, Retry-After, Spotify-App-Version, X-Cloud-Trace-Context, client-token, content-access-token
access-control-allow-methods: GET, POST, OPTIONS, PUT, DELETE, PATCH
access-control-allow-credentials: true
access-control-max-age: 604800
Content-Length: 0
strict-transport-security: max-age=31536000
x-content-type-options: nosniff
date: Mon, 13 Nov 2023 13:32:29 GMT
server: envoy
Via: HTTP/2 edgeproxy, 1.1 google
Alt-Svc: h3=":443"; ma=2592000,h3-29=":443"; ma=2592000
]]></system-out>
  </testcase>
  <testcase name="shouldNotBeAbleToCreateAPlaylistWithoutName" classname="SpotifyTests.PlaylistTests" time="0.165">
    <system-out><![CDATA[Token is good to use
Request method:	POST
Request URI:	https://api.spotify.com/v1/users/deadeyeq/playlists
Proxy:			<none>
Request params:	<none>
Query params:	<none>
Form params:	<none>
Path params:	<none>
Headers:		Authorization=Bearer BQB-5l2PSVNtTgYROal4nbt60kfHQ1cFsr8VYs-hPeidm1UAKt21r971fia9HprBsB4obLYCK6ieqcK1Rkc6Z2jQ5eMLoD56Rq8QuNIaFfRHLhOIXaAvEtgtAj7kam6iJm53zdnHMDsFnmvUQ4TuJN4UM1j_h6bjadjv3FlZzzFrXRu4qnlJOvDuEEvjptrcGeXbansULUY77bQfyddYU0HjNWvaIpMn7mumWGfSY_jaUtbEOLF5hA
				Accept=*/*
				Content-Type=application/json
Cookies:		<none>
Multiparts:		<none>
Body:
{
    "description": "New playlist description",
    "name": "",
    "public": false
}
HTTP/1.1 400 Bad Request
content-type: application/json; charset=utf-8
cache-control: private, max-age=0
x-robots-tag: noindex, nofollow
access-control-allow-origin: *
access-control-allow-headers: Accept, App-Platform, Authorization, Content-Type, Origin, Retry-After, Spotify-App-Version, X-Cloud-Trace-Context, client-token, content-access-token
access-control-allow-methods: GET, POST, OPTIONS, PUT, DELETE, PATCH
access-control-allow-credentials: true
access-control-max-age: 604800
content-encoding: gzip
strict-transport-security: max-age=31536000
x-content-type-options: nosniff
date: Mon, 13 Nov 2023 13:32:30 GMT
server: envoy
Via: HTTP/2 edgeproxy, 1.1 google
Alt-Svc: h3=":443"; ma=2592000,h3-29=":443"; ma=2592000
Transfer-Encoding: chunked

{
    "error": {
        "status": 400,
        "message": "Missing required field: name"
    }
}
]]></system-out>
  </testcase>
  <testcase name="shouldNotBeAbleToCreateAPlaylistWithoutValidToken" classname="SpotifyTests.PlaylistTests" time="0.149">
    <system-out><![CDATA[Request method:	POST
Request URI:	https://api.spotify.com/v1/users/deadeyeq/playlists
Proxy:			<none>
Request params:	<none>
Query params:	<none>
Form params:	<none>
Path params:	<none>
Headers:		Authorization=Bearer 12345
				Accept=*/*
				Content-Type=application/json
Cookies:		<none>
Multiparts:		<none>
Body:
{
    "description": "New playlist description",
    "name": "New Playlist",
    "public": false
}
HTTP/1.1 401 Unauthorized
www-authenticate: Bearer realm="spotify", error="invalid_token", error_description="Invalid access token"
access-control-allow-origin: *
access-control-allow-headers: Accept, App-Platform, Authorization, Content-Type, Origin, Retry-After, Spotify-App-Version, X-Cloud-Trace-Context, client-token, content-access-token
access-control-allow-methods: GET, POST, OPTIONS, PUT, DELETE, PATCH
access-control-allow-credentials: true
access-control-max-age: 604800
content-type: application/json
content-encoding: gzip
strict-transport-security: max-age=31536000
x-content-type-options: nosniff
date: Mon, 13 Nov 2023 13:32:30 GMT
server: envoy
Via: HTTP/2 edgeproxy, 1.1 google
Alt-Svc: h3=":443"; ma=2592000,h3-29=":443"; ma=2592000
Transfer-Encoding: chunked

{
    "error": {
        "status": 401,
        "message": "Invalid access token"
    }
}
]]></system-out>
  </testcase>
</testsuite>